<?xml version="1.0" encoding="UTF-8"?>
<testng-results ignored="0" total="4" passed="4" failed="0" skipped="0">
  <reporter-output>
  </reporter-output>
  <suite started-at="2024-09-03T14:51:16 IST" name="Suite" finished-at="2024-09-03T14:51:28 IST" duration-ms="11769">
    <groups>
    </groups>
    <test started-at="2024-09-03T14:51:16 IST" name="Test" finished-at="2024-09-03T14:51:28 IST" duration-ms="11769">
      <class name="api.test.UserTests">
        <test-method is-config="true" signature="setupData()[pri:0, instance:api.test.UserTests@4567f35d]" started-at="2024-09-03T14:51:16 IST" name="setupData" finished-at="2024-09-03T14:51:18 IST" duration-ms="1502" status="PASS">
          <reporter-output>
          </reporter-output>
        </test-method> <!-- setupData -->
        <test-method signature="testPostUser()[pri:1, instance:api.test.UserTests@4567f35d]" started-at="2024-09-03T14:51:18 IST" name="testPostUser" finished-at="2024-09-03T14:51:22 IST" duration-ms="4793" status="PASS">
          <reporter-output>
          </reporter-output>
        </test-method> <!-- testPostUser -->
        <test-method signature="testgetUserByName()[pri:2, instance:api.test.UserTests@4567f35d]" started-at="2024-09-03T14:51:22 IST" name="testgetUserByName" finished-at="2024-09-03T14:51:24 IST" duration-ms="1337" status="PASS">
          <reporter-output>
          </reporter-output>
        </test-method> <!-- testgetUserByName -->
        <test-method signature="testupdateuser()[pri:3, instance:api.test.UserTests@4567f35d]" started-at="2024-09-03T14:51:24 IST" name="testupdateuser" finished-at="2024-09-03T14:51:26 IST" duration-ms="2575" status="PASS">
          <reporter-output>
          </reporter-output>
        </test-method> <!-- testupdateuser -->
        <test-method signature="testdeleteuser()[pri:4, instance:api.test.UserTests@4567f35d]" started-at="2024-09-03T14:51:26 IST" name="testdeleteuser" finished-at="2024-09-03T14:51:28 IST" duration-ms="1259" status="PASS">
          <reporter-output>
          </reporter-output>
        </test-method> <!-- testdeleteuser -->
      </class> <!-- api.test.UserTests -->
    </test> <!-- Test -->
  </suite> <!-- Suite -->
</testng-results>
