<?xml version="1.0" encoding="UTF-8"?>
<testng-results ignored="0" total="4" passed="4" failed="0" skipped="0">
  <reporter-output>
  </reporter-output>
  <suite started-at="2024-09-03T14:39:54 IST" name="Suite" finished-at="2024-09-03T14:40:05 IST" duration-ms="10939">
    <groups>
    </groups>
    <test started-at="2024-09-03T14:39:54 IST" name="Test" finished-at="2024-09-03T14:40:05 IST" duration-ms="10939">
      <class name="api.test.UserTests">
        <test-method is-config="true" signature="setupData()[pri:0, instance:api.test.UserTests@3c41ed1d]" started-at="2024-09-03T14:39:55 IST" name="setupData" finished-at="2024-09-03T14:39:56 IST" duration-ms="1527" status="PASS">
          <reporter-output>
          </reporter-output>
        </test-method> <!-- setupData -->
        <test-method signature="testPostUser()[pri:1, instance:api.test.UserTests@3c41ed1d]" started-at="2024-09-03T14:39:56 IST" name="testPostUser" finished-at="2024-09-03T14:40:00 IST" duration-ms="3682" status="PASS">
          <reporter-output>
          </reporter-output>
        </test-method> <!-- testPostUser -->
        <test-method signature="testgetUserByName()[pri:2, instance:api.test.UserTests@3c41ed1d]" started-at="2024-09-03T14:40:00 IST" name="testgetUserByName" finished-at="2024-09-03T14:40:01 IST" duration-ms="1317" status="PASS">
          <reporter-output>
          </reporter-output>
        </test-method> <!-- testgetUserByName -->
        <test-method signature="testupdateuser()[pri:3, instance:api.test.UserTests@3c41ed1d]" started-at="2024-09-03T14:40:01 IST" name="testupdateuser" finished-at="2024-09-03T14:40:04 IST" duration-ms="2600" status="PASS">
          <reporter-output>
          </reporter-output>
        </test-method> <!-- testupdateuser -->
        <test-method signature="testdeleteuser()[pri:4, instance:api.test.UserTests@3c41ed1d]" started-at="2024-09-03T14:40:04 IST" name="testdeleteuser" finished-at="2024-09-03T14:40:05 IST" duration-ms="1336" status="PASS">
          <reporter-output>
          </reporter-output>
        </test-method> <!-- testdeleteuser -->
      </class> <!-- api.test.UserTests -->
    </test> <!-- Test -->
  </suite> <!-- Suite -->
</testng-results>
